#
# There is insufficient memory for the Java Runtime Environment to continue.
# Native memory allocation (mmap) failed to map 1048576 bytes. Error detail: G1 virtual space
# Possible reasons:
#   The system is out of physical RAM or swap space
#   This process is running with CompressedOops enabled, and the Java Heap may be blocking the growth of the native heap
# Possible solutions:
#   Reduce memory load on the system
#   Increase physical memory or swap space
#   Check if swap backing store is full
#   Decrease Java heap size (-Xmx/-Xms)
#   Decrease number of Java threads
#   Decrease Java thread stack sizes (-Xss)
#   Set larger code cache with -XX:ReservedCodeCacheSize=
#   JVM is running with Unscaled Compressed Oops mode in which the Java heap is
#     placed in the first 4GB address space. The Java Heap base address is the
#     maximum limit for the native heap growth. Please use -XX:HeapBaseMinAddress
#     to set the Java Heap base and to place the Java Heap above 4GB virtual address.
# This output file may be truncated or incomplete.
#
#  Out of Memory Error (os_windows.cpp:3616), pid=14472, tid=7540
#
# JRE version: OpenJDK Runtime Environment Temurin-21.0.5+11 (21.0.5+11) (build 21.0.5+11-LTS)
# Java VM: OpenJDK 64-Bit Server VM Temurin-21.0.5+11 (21.0.5+11-LTS, mixed mode, emulated-client, sharing, tiered, compressed oops, compressed class ptrs, g1 gc, windows-amd64)
# No core dump will be written. Minidumps are not enabled by default on client versions of Windows
#

---------------  S U M M A R Y ------------

Command Line: -Dcom.sun.management.jmxremote -Dcom.sun.management.jmxremote.port=61047 -Dcom.sun.management.jmxremote.authenticate=false -Dcom.sun.management.jmxremote.ssl=false -Djava.rmi.server.hostname=localhost -Dspring.jmx.enabled=true -Dmanagement.endpoints.jmx.exposure.include=* -Dspring.application.admin.enabled=true -XX:TieredStopAtLevel=1 -Dspring.boot.project.name=aim -Dfile.encoding=UTF-8 -Dstdout.encoding=UTF-8 -Dstderr.encoding=UTF-8 -XX:+ShowCodeDetailsInExceptionMessages com.one.AimApplication --spring.output.ansi.enabled=always

Host: AMD Ryzen 3 3250U with Radeon Graphics         , 4 cores, 3G,  Windows 11 , 64 bit Build 26100 (10.0.26100.7019)
Time: Wed Nov 26 19:18:05 2025 India Standard Time elapsed time: 22.960538 seconds (0d 0h 0m 22s)

---------------  T H R E A D  ---------------

Current thread (0x0000015780314fd0):  WorkerThread "GC Thread#2"    [id=7540, stack(0x000000413e200000,0x000000413e300000) (1024K)]

Stack: [0x000000413e200000,0x000000413e300000]
Native frames: (J=compiled Java code, j=interpreted, Vv=VM code, C=native code)
V  [jvm.dll+0x6cd4e9]
V  [jvm.dll+0x8a7941]
V  [jvm.dll+0x8a9e6e]
V  [jvm.dll+0x8aa543]
V  [jvm.dll+0x27f6d6]
V  [jvm.dll+0x6c9c25]
V  [jvm.dll+0x6be84a]
V  [jvm.dll+0x355c6a]
V  [jvm.dll+0x35d836]
V  [jvm.dll+0x3af10b]
V  [jvm.dll+0x3af7a4]
V  [jvm.dll+0x3af86d]
V  [jvm.dll+0x32b42c]
V  [jvm.dll+0x32b185]
V  [jvm.dll+0x31a086]
V  [jvm.dll+0x31ae9a]
V  [jvm.dll+0x31b287]
V  [jvm.dll+0x31acfe]
V  [jvm.dll+0x357aa6]
V  [jvm.dll+0x357e7a]
V  [jvm.dll+0x358f03]
V  [jvm.dll+0x35566e]
V  [jvm.dll+0x3621db]
V  [jvm.dll+0x363e99]
V  [jvm.dll+0x3626ba]
V  [jvm.dll+0x363ae8]
V  [jvm.dll+0x36e113]
V  [jvm.dll+0x36e25b]
V  [jvm.dll+0x8d5807]
V  [jvm.dll+0x8514fb]
V  [jvm.dll+0x6cbbed]
C  [ucrtbase.dll+0x37b0]
C  [KERNEL32.DLL+0x2e8d7]
C  [ntdll.dll+0x8c53c]


---------------  P R O C E S S  ---------------

Threads class SMR info:
_java_thread_list=0x000001578130d630, length=21, elements={
0x00000157ae857550, 0x00000157ba9f2d00, 0x00000157ba9f8050, 0x00000157ba9fbdc0,
0x00000157ba9ff7c0, 0x00000157baa03b80, 0x00000157baa1b3f0, 0x00000157baa06a20,
0x00000157baa18c90, 0x00000157baaa8640, 0x00000157baa19320, 0x00000157baa1c110,
0x00000157baa1ad60, 0x00000157baa1a6d0, 0x00000157baa1ba80, 0x00000157baa199b0,
0x00000157baa1a040, 0x00000157804d71b0, 0x00000157804d6b20, 0x00000157804d8bf0,
0x00000157816b29f0
}

Java Threads: ( => current thread )
  0x00000157ae857550 JavaThread "main"                              [_thread_blocked, id=3320, stack(0x000000413cf00000,0x000000413d000000) (1024K)]
  0x00000157ba9f2d00 JavaThread "Reference Handler"          daemon [_thread_blocked, id=9524, stack(0x000000413d700000,0x000000413d800000) (1024K)]
  0x00000157ba9f8050 JavaThread "Finalizer"                  daemon [_thread_blocked, id=12708, stack(0x000000413d800000,0x000000413d900000) (1024K)]
  0x00000157ba9fbdc0 JavaThread "Signal Dispatcher"          daemon [_thread_blocked, id=17280, stack(0x000000413d900000,0x000000413da00000) (1024K)]
  0x00000157ba9ff7c0 JavaThread "Attach Listener"            daemon [_thread_blocked, id=13480, stack(0x000000413da00000,0x000000413db00000) (1024K)]
  0x00000157baa03b80 JavaThread "Service Thread"             daemon [_thread_blocked, id=14216, stack(0x000000413db00000,0x000000413dc00000) (1024K)]
  0x00000157baa1b3f0 JavaThread "Monitor Deflation Thread"   daemon [_thread_blocked, id=4600, stack(0x000000413dc00000,0x000000413dd00000) (1024K)]
  0x00000157baa06a20 JavaThread "C1 CompilerThread0"         daemon [_thread_blocked, id=12044, stack(0x000000413dd00000,0x000000413de00000) (1024K)]
  0x00000157baa18c90 JavaThread "Common-Cleaner"             daemon [_thread_blocked, id=14484, stack(0x000000413de00000,0x000000413df00000) (1024K)]
  0x00000157baaa8640 JavaThread "C1 CompilerThread1"         daemon [_thread_blocked, id=16688, stack(0x000000413df00000,0x000000413e000000) (1024K)]
  0x00000157baa19320 JavaThread "Notification Thread"        daemon [_thread_blocked, id=10352, stack(0x000000413e000000,0x000000413e100000) (1024K)]
  0x00000157baa1c110 JavaThread "RMI TCP Accept-0"           daemon [_thread_in_native, id=4384, stack(0x000000413e400000,0x000000413e500000) (1024K)]
  0x00000157baa1ad60 JavaThread "RMI TCP Accept-61047"       daemon [_thread_in_native, id=2728, stack(0x000000413e500000,0x000000413e600000) (1024K)]
  0x00000157baa1a6d0 JavaThread "RMI TCP Accept-0"           daemon [_thread_in_native, id=5332, stack(0x000000413e600000,0x000000413e700000) (1024K)]
  0x00000157baa1ba80 JavaThread "RMI TCP Connection(1)-127.0.0.1" daemon [_thread_in_native, id=12164, stack(0x000000413e700000,0x000000413e800000) (1024K)]
  0x00000157baa199b0 JavaThread "RMI Scheduler(0)"           daemon [_thread_blocked, id=16608, stack(0x000000413e800000,0x000000413e900000) (1024K)]
  0x00000157baa1a040 JavaThread "RMI TCP Connection(2)-127.0.0.1" daemon [_thread_blocked, id=14496, stack(0x000000413e900000,0x000000413ea00000) (1024K)]
  0x00000157804d71b0 JavaThread "JMX server connection timeout 30" daemon [_thread_blocked, id=3184, stack(0x000000413ea00000,0x000000413eb00000) (1024K)]
  0x00000157804d6b20 JavaThread "Thread-0"                          [_thread_blocked, id=12500, stack(0x000000413eb00000,0x000000413ec00000) (1024K)]
  0x00000157804d8bf0 JavaThread "restartedMain"                     [_thread_blocked, id=5220, stack(0x000000413ec00000,0x000000413ed00000) (1024K)]
  0x00000157816b29f0 JavaThread "C1 CompilerThread2"         daemon [_thread_blocked, id=2036, stack(0x000000413ed00000,0x000000413ee00000) (1024K)]
Total: 21

Other Threads:
  0x00000157ba9d9b40 VMThread "VM Thread"                           [id=12816, stack(0x000000413d600000,0x000000413d700000) (1024K)]
  0x00000157ba9cba10 WatcherThread "VM Periodic Task Thread"        [id=15944, stack(0x000000413d500000,0x000000413d600000) (1024K)]
  0x00000157aedd6440 WorkerThread "GC Thread#0"                     [id=13420, stack(0x000000413d000000,0x000000413d100000) (1024K)]
  0x00000157802f3200 WorkerThread "GC Thread#1"                     [id=8984, stack(0x000000413e100000,0x000000413e200000) (1024K)]
=>0x0000015780314fd0 WorkerThread "GC Thread#2"                     [id=7540, stack(0x000000413e200000,0x000000413e300000) (1024K)]
  0x0000015780315370 WorkerThread "GC Thread#3"                     [id=9856, stack(0x000000413e300000,0x000000413e400000) (1024K)]
  0x00000157aedde1b0 ConcurrentGCThread "G1 Main Marker"            [id=3924, stack(0x000000413d100000,0x000000413d200000) (1024K)]
  0x00000157aeddebc0 WorkerThread "G1 Conc#0"                       [id=7672, stack(0x000000413d200000,0x000000413d300000) (1024K)]
  0x00000157aee35eb0 ConcurrentGCThread "G1 Refine#0"               [id=9356, stack(0x000000413d300000,0x000000413d400000) (1024K)]
  0x00000157aee36930 ConcurrentGCThread "G1 Service"                [id=6780, stack(0x000000413d400000,0x000000413d500000) (1024K)]
Total: 10

Threads with active compile tasks:
Total: 0

VM state: at safepoint (normal execution)

VM Mutex/Monitor currently owned by a thread:  ([mutex/lock_event])
[0x00007ffb38c4ae00] FreeList_lock - owner thread: 0x0000015780314fd0
[0x00007ffb38c4d380] Threads_lock - owner thread: 0x00000157ba9d9b40
[0x00007ffb38c4d480] Heap_lock - owner thread: 0x00000157804d8bf0

Heap address: 0x00000000c8c00000, size: 884 MB, Compressed Oops mode: 32-bit

CDS archive(s) mapped at: [0x00000157bb000000-0x00000157bbc80000-0x00000157bbc80000), size 13107200, SharedBaseAddress: 0x00000157bb000000, ArchiveRelocationMode: 1.
Compressed class space mapped at: 0x00000157bc000000-0x00000157fc000000, reserved size: 1073741824
Narrow klass base: 0x00000157bb000000, Narrow klass shift: 0, Narrow klass range: 0x100000000

GC Precious Log:
 CardTable entry size: 512
 Card Set container configuration: InlinePtr #cards 5 size 8 Array Of Cards #cards 12 size 40 Howl #buckets 4 coarsen threshold 1843 Howl Bitmap #cards 512 size 80 coarsen threshold 460 Card regions per heap region 1 cards per card region 2048
 CPUs: 4 total, 4 available
 Memory: 3534M
 Large Page Support: Disabled
 NUMA Support: Disabled
 Compressed Oops: Enabled (32-bit)
 Heap Region Size: 1M
 Heap Min Capacity: 8M
 Heap Initial Capacity: 56M
 Heap Max Capacity: 884M
 Pre-touch: Disabled
 Parallel Workers: 4
 Concurrent Workers: 1
 Concurrent Refinement Workers: 4
 Periodic GC: Disabled

Heap:
 garbage-first heap   total 69632K, used 62290K [0x00000000c8c00000, 0x0000000100000000)
  region size 1024K, 29 young (29696K), 2 survivors (2048K)
 Metaspace       used 35637K, committed 36160K, reserved 1114112K
  class space    used 4831K, committed 5056K, reserved 1048576K

Heap Regions: E=young(eden), S=young(survivor), O=old, HS=humongous(starts), HC=humongous(continues), CS=collection set, F=free, TAMS=top-at-mark-start, PB=parsable bottom
|   0|0x00000000c8c00000, 0x00000000c8d00000, 0x00000000c8d00000|100%|HS|  |TAMS 0x00000000c8d00000| PB 0x00000000c8c00000| Complete 
|   1|0x00000000c8d00000, 0x00000000c8e00000, 0x00000000c8e00000|100%|HS|  |TAMS 0x00000000c8e00000| PB 0x00000000c8d00000| Complete 
|   2|0x00000000c8e00000, 0x00000000c8f00000, 0x00000000c8f00000|100%| O|  |TAMS 0x00000000c8f00000| PB 0x00000000c8e00000| Untracked 
|   3|0x00000000c8f00000, 0x00000000c9000000, 0x00000000c9000000|100%| O|  |TAMS 0x00000000c9000000| PB 0x00000000c8f00000| Untracked 
|   4|0x00000000c9000000, 0x00000000c9100000, 0x00000000c9100000|100%| O|  |TAMS 0x00000000c9100000| PB 0x00000000c9000000| Untracked 
|   5|0x00000000c9100000, 0x00000000c9200000, 0x00000000c9200000|100%| O|  |TAMS 0x00000000c9200000| PB 0x00000000c9100000| Untracked 
|   6|0x00000000c9200000, 0x00000000c9300000, 0x00000000c9300000|100%| O|  |TAMS 0x00000000c9300000| PB 0x00000000c9200000| Untracked 
|   7|0x00000000c9300000, 0x00000000c9400000, 0x00000000c9400000|100%| O|  |TAMS 0x00000000c9400000| PB 0x00000000c9300000| Untracked 
|   8|0x00000000c9400000, 0x00000000c9500000, 0x00000000c9500000|100%| O|  |TAMS 0x00000000c9500000| PB 0x00000000c9400000| Untracked 
|   9|0x00000000c9500000, 0x00000000c9600000, 0x00000000c9600000|100%| O|  |TAMS 0x00000000c9600000| PB 0x00000000c9500000| Untracked 
|  10|0x00000000c9600000, 0x00000000c9700000, 0x00000000c9700000|100%| O|  |TAMS 0x00000000c9700000| PB 0x00000000c9600000| Untracked 
|  11|0x00000000c9700000, 0x00000000c9800000, 0x00000000c9800000|100%| O|  |TAMS 0x00000000c9800000| PB 0x00000000c9700000| Untracked 
|  12|0x00000000c9800000, 0x00000000c9900000, 0x00000000c9900000|100%| O|  |TAMS 0x00000000c9900000| PB 0x00000000c9800000| Untracked 
|  13|0x00000000c9900000, 0x00000000c9a00000, 0x00000000c9a00000|100%| O|  |TAMS 0x00000000c9a00000| PB 0x00000000c9900000| Untracked 
|  14|0x00000000c9a00000, 0x00000000c9b00000, 0x00000000c9b00000|100%| O|  |TAMS 0x00000000c9b00000| PB 0x00000000c9a00000| Untracked 
|  15|0x00000000c9b00000, 0x00000000c9c00000, 0x00000000c9c00000|100%| O|  |TAMS 0x00000000c9c00000| PB 0x00000000c9b00000| Untracked 
|  16|0x00000000c9c00000, 0x00000000c9d00000, 0x00000000c9d00000|100%| O|  |TAMS 0x00000000c9d00000| PB 0x00000000c9c00000| Untracked 
|  17|0x00000000c9d00000, 0x00000000c9e00000, 0x00000000c9e00000|100%| O|  |TAMS 0x00000000c9e00000| PB 0x00000000c9d00000| Untracked 
|  18|0x00000000c9e00000, 0x00000000c9f00000, 0x00000000c9f00000|100%| O|  |TAMS 0x00000000c9f00000| PB 0x00000000c9e00000| Untracked 
|  19|0x00000000c9f00000, 0x00000000ca000000, 0x00000000ca000000|100%| O|  |TAMS 0x00000000ca000000| PB 0x00000000c9f00000| Untracked 
|  20|0x00000000ca000000, 0x00000000ca100000, 0x00000000ca100000|100%| O|  |TAMS 0x00000000ca100000| PB 0x00000000ca000000| Untracked 
|  21|0x00000000ca100000, 0x00000000ca200000, 0x00000000ca200000|100%| O|  |TAMS 0x00000000ca200000| PB 0x00000000ca100000| Untracked 
|  22|0x00000000ca200000, 0x00000000ca300000, 0x00000000ca300000|100%| O|  |TAMS 0x00000000ca2d1b00| PB 0x00000000ca200000| Untracked 
|  23|0x00000000ca300000, 0x00000000ca400000, 0x00000000ca400000|100%|HS|  |TAMS 0x00000000ca400000| PB 0x00000000ca300000| Complete 
|  24|0x00000000ca400000, 0x00000000ca500000, 0x00000000ca500000|100%|HS|  |TAMS 0x00000000ca500000| PB 0x00000000ca400000| Complete 
|  25|0x00000000ca500000, 0x00000000ca600000, 0x00000000ca600000|100%|HS|  |TAMS 0x00000000ca600000| PB 0x00000000ca500000| Complete 
|  26|0x00000000ca600000, 0x00000000ca700000, 0x00000000ca700000|100%| E|CS|TAMS 0x00000000ca600000| PB 0x00000000ca600000| Complete 
|  27|0x00000000ca700000, 0x00000000ca800000, 0x00000000ca800000|100%| E|CS|TAMS 0x00000000ca700000| PB 0x00000000ca700000| Complete 
|  28|0x00000000ca800000, 0x00000000ca900000, 0x00000000ca900000|100%|HS|  |TAMS 0x00000000ca900000| PB 0x00000000ca800000| Complete 
|  29|0x00000000ca900000, 0x00000000caa00000, 0x00000000caa00000|100%|HS|  |TAMS 0x00000000caa00000| PB 0x00000000ca900000| Complete 
|  30|0x00000000caa00000, 0x00000000cab00000, 0x00000000cab00000|100%|HS|  |TAMS 0x00000000cab00000| PB 0x00000000caa00000| Complete 
|  31|0x00000000cab00000, 0x00000000cac00000, 0x00000000cac00000|100%| E|CS|TAMS 0x00000000cab00000| PB 0x00000000cab00000| Complete 
|  32|0x00000000cac00000, 0x00000000cad00000, 0x00000000cad00000|100%| E|CS|TAMS 0x00000000cac00000| PB 0x00000000cac00000| Complete 
|  33|0x00000000cad00000, 0x00000000cae00000, 0x00000000cae00000|100%| E|CS|TAMS 0x00000000cad00000| PB 0x00000000cad00000| Complete 
|  34|0x00000000cae00000, 0x00000000caf00000, 0x00000000caf00000|100%|HS|  |TAMS 0x00000000caf00000| PB 0x00000000cae00000| Complete 
|  35|0x00000000caf00000, 0x00000000cb000000, 0x00000000cb000000|100%| O|  |TAMS 0x00000000caf00000| PB 0x00000000caf00000| Untracked 
|  36|0x00000000cb000000, 0x00000000cb100000, 0x00000000cb100000|100%| O|  |TAMS 0x00000000cb000000| PB 0x00000000cb000000| Untracked 
|  37|0x00000000cb100000, 0x00000000cb200000, 0x00000000cb200000|100%| O|  |TAMS 0x00000000cb100000| PB 0x00000000cb100000| Untracked 
|  38|0x00000000cb200000, 0x00000000cb300000, 0x00000000cb300000|100%| O|  |TAMS 0x00000000cb200000| PB 0x00000000cb200000| Untracked 
|  39|0x00000000cb300000, 0x00000000cb400000, 0x00000000cb400000|100%| S|  |TAMS 0x00000000cb300000| PB 0x00000000cb300000| Complete 
|  40|0x00000000cb400000, 0x00000000cb500000, 0x00000000cb500000|100%| S|  |TAMS 0x00000000cb400000| PB 0x00000000cb400000| Complete 
|  41|0x00000000cb500000, 0x00000000cb503098, 0x00000000cb600000|  1%| E|CS|TAMS 0x00000000cb500000| PB 0x00000000cb500000| Complete 
|  42|0x00000000cb600000, 0x00000000cb700000, 0x00000000cb700000|100%| E|CS|TAMS 0x00000000cb600000| PB 0x00000000cb600000| Complete 
|  43|0x00000000cb700000, 0x00000000cb800000, 0x00000000cb800000|100%| E|CS|TAMS 0x00000000cb700000| PB 0x00000000cb700000| Complete 
|  44|0x00000000cb800000, 0x00000000cb900000, 0x00000000cb900000|100%| E|CS|TAMS 0x00000000cb800000| PB 0x00000000cb800000| Complete 
|  45|0x00000000cb900000, 0x00000000cba00000, 0x00000000cba00000|100%| E|CS|TAMS 0x00000000cb900000| PB 0x00000000cb900000| Complete 
|  46|0x00000000cba00000, 0x00000000cbb00000, 0x00000000cbb00000|100%| E|CS|TAMS 0x00000000cba00000| PB 0x00000000cba00000| Complete 
|  47|0x00000000cbb00000, 0x00000000cbc00000, 0x00000000cbc00000|100%| E|CS|TAMS 0x00000000cbb00000| PB 0x00000000cbb00000| Complete 
|  48|0x00000000cbc00000, 0x00000000cbd00000, 0x00000000cbd00000|100%| E|CS|TAMS 0x00000000cbc00000| PB 0x00000000cbc00000| Complete 
|  49|0x00000000cbd00000, 0x00000000cbe00000, 0x00000000cbe00000|100%| E|CS|TAMS 0x00000000cbd00000| PB 0x00000000cbd00000| Complete 
|  50|0x00000000cbe00000, 0x00000000cbf00000, 0x00000000cbf00000|100%| E|CS|TAMS 0x00000000cbe00000| PB 0x00000000cbe00000| Complete 
|  51|0x00000000cbf00000, 0x00000000cc000000, 0x00000000cc000000|100%| E|CS|TAMS 0x00000000cbf00000| PB 0x00000000cbf00000| Complete 
|  52|0x00000000cc000000, 0x00000000cc100000, 0x00000000cc100000|100%| E|CS|TAMS 0x00000000cc000000| PB 0x00000000cc000000| Complete 
|  53|0x00000000cc100000, 0x00000000cc200000, 0x00000000cc200000|100%| E|CS|TAMS 0x00000000cc100000| PB 0x00000000cc100000| Complete 
|  54|0x00000000cc200000, 0x00000000cc300000, 0x00000000cc300000|100%| E|CS|TAMS 0x00000000cc200000| PB 0x00000000cc200000| Complete 
|  55|0x00000000cc300000, 0x00000000cc400000, 0x00000000cc400000|100%| E|CS|TAMS 0x00000000cc300000| PB 0x00000000cc300000| Complete 
|  56|0x00000000cc400000, 0x00000000cc500000, 0x00000000cc500000|100%| E|CS|TAMS 0x00000000cc400000| PB 0x00000000cc400000| Complete 
|  57|0x00000000cc500000, 0x00000000cc600000, 0x00000000cc600000|100%| E|CS|TAMS 0x00000000cc500000| PB 0x00000000cc500000| Complete 
|  58|0x00000000cc600000, 0x00000000cc700000, 0x00000000cc700000|100%| E|CS|TAMS 0x00000000cc600000| PB 0x00000000cc600000| Complete 
|  59|0x00000000cc700000, 0x00000000cc800000, 0x00000000cc800000|100%| E|CS|TAMS 0x00000000cc700000| PB 0x00000000cc700000| Complete 
|  60|0x00000000cc800000, 0x00000000cc900000, 0x00000000cc900000|100%| E|CS|TAMS 0x00000000cc800000| PB 0x00000000cc800000| Complete 
|  61|0x00000000cc900000, 0x00000000cca00000, 0x00000000cca00000|100%| E|CS|TAMS 0x00000000cc900000| PB 0x00000000cc900000| Complete 
|  62|0x00000000cca00000, 0x00000000ccb00000, 0x00000000ccb00000|100%| E|CS|TAMS 0x00000000cca00000| PB 0x00000000cca00000| Complete 
|  63|0x00000000ccb00000, 0x00000000ccc00000, 0x00000000ccc00000|100%| E|CS|TAMS 0x00000000ccb00000| PB 0x00000000ccb00000| Complete 
|  64|0x00000000ccc00000, 0x00000000ccd00000, 0x00000000ccd00000|100%| E|CS|TAMS 0x00000000ccc00000| PB 0x00000000ccc00000| Complete 
|  65|0x00000000ccd00000, 0x00000000cce00000, 0x00000000cce00000|100%| E|CS|TAMS 0x00000000ccd00000| PB 0x00000000ccd00000| Complete 
|  66|0x00000000cce00000, 0x00000000ccf00000, 0x00000000ccf00000|100%| E|CS|TAMS 0x00000000cce00000| PB 0x00000000cce00000| Complete 
|  67|0x00000000ccf00000, 0x00000000cd000000, 0x00000000cd000000|100%| E|CS|TAMS 0x00000000ccf00000| PB 0x00000000ccf00000| Complete 

Card table byte_map: [0x00000157b74e0000,0x00000157b76a0000] _byte_map_base: 0x00000157b6e9a000

Marking Bits: (CMBitMap*) 0x00000157aedd6a50
 Bits: [0x00000157b76a0000, 0x00000157b8470000)

Polling page: 0x00000157aeaf0000

Metaspace:

Usage:
  Non-class:     30.08 MB used.
      Class:      4.72 MB used.
       Both:     34.80 MB used.

Virtual space:
  Non-class space:       64.00 MB reserved,      30.38 MB ( 47%) committed,  1 nodes.
      Class space:        1.00 GB reserved,       4.94 MB ( <1%) committed,  1 nodes.
             Both:        1.06 GB reserved,      35.31 MB (  3%) committed. 

Chunk freelists:
   Non-Class:  896.00 KB
       Class:  10.95 MB
        Both:  11.82 MB

MaxMetaspaceSize: unlimited
CompressedClassSpaceSize: 1.00 GB
Initial GC threshold: 21.00 MB
Current GC threshold: 35.31 MB
CDS: on
 - commit_granule_bytes: 65536.
 - commit_granule_words: 8192.
 - virtual_space_node_default_size: 8388608.
 - enlarge_chunks_in_place: 1.
 - use_allocation_guard: 0.


Internal statistics:

num_allocs_failed_limit: 6.
num_arena_births: 694.
num_arena_deaths: 0.
num_vsnodes_births: 2.
num_vsnodes_deaths: 0.
num_space_committed: 565.
num_space_uncommitted: 0.
num_chunks_returned_to_freelist: 6.
num_chunks_taken_from_freelist: 1891.
num_chunk_merges: 6.
num_chunk_splits: 1322.
num_chunks_enlarged: 942.
num_inconsistent_stats: 0.

CodeCache: size=49152Kb used=10155Kb max_used=10155Kb free=38996Kb
 bounds [0x00000157b3e80000, 0x00000157b4870000, 0x00000157b6e80000]
 total_blobs=5442 nmethods=4885 adapters=479
 compilation: enabled
              stopped_count=0, restarted_count=0
 full_count=0

Compilation events (20 events):
Event: 22.296 Thread 0x00000157816b29f0 4875   !   1       sun.nio.fs.WindowsNativeDispatcher::GetFileAttributesEx (73 bytes)
Event: 22.296 Thread 0x00000157816b29f0 nmethod 4875 0x00000157b4863a90 code [0x00000157b4863ca0, 0x00000157b4863f20]
Event: 22.296 Thread 0x00000157816b29f0 4876       1       sun.nio.fs.WindowsFileAttributes::fromFileAttributeData (104 bytes)
Event: 22.297 Thread 0x00000157baa06a20 nmethod 4873 0x00000157b4864210 code [0x00000157b4864540, 0x00000157b4864e88]
Event: 22.297 Thread 0x00000157816b29f0 nmethod 4876 0x00000157b4865790 code [0x00000157b4865940, 0x00000157b4865b58]
Event: 22.299 Thread 0x00000157baaa8640 nmethod 4874 0x00000157b4865c10 code [0x00000157b4865f20, 0x00000157b4866a00]
Event: 22.311 Thread 0x00000157816b29f0 4877       1       java.lang.Long::compare (22 bytes)
Event: 22.311 Thread 0x00000157816b29f0 nmethod 4877 0x00000157b4867710 code [0x00000157b48678c0, 0x00000157b48679f0]
Event: 22.316 Thread 0x00000157816b29f0 4878       1       java.util.zip.ZipFile$Source$Key::equals (93 bytes)
Event: 22.316 Thread 0x00000157baaa8640 4879       1       java.nio.file.attribute.FileTime::equals (28 bytes)
Event: 22.316 Thread 0x00000157baa06a20 4880       1       java.nio.file.attribute.FileTime::compareTo (154 bytes)
Event: 22.317 Thread 0x00000157baaa8640 nmethod 4879 0x00000157b4867a90 code [0x00000157b4867c40, 0x00000157b4867db8]
Event: 22.317 Thread 0x00000157baaa8640 4881       1       java.io.File::equals (28 bytes)
Event: 22.318 Thread 0x00000157816b29f0 nmethod 4878 0x00000157b4867e90 code [0x00000157b48680a0, 0x00000157b4868530]
Event: 22.318 Thread 0x00000157baa06a20 nmethod 4880 0x00000157b4868810 code [0x00000157b4868aa0, 0x00000157b48691d0]
Event: 22.318 Thread 0x00000157baaa8640 nmethod 4881 0x00000157b4869610 code [0x00000157b48697c0, 0x00000157b4869998]
Event: 22.318 Thread 0x00000157816b29f0 4882       1       java.io.File::compareTo (9 bytes)
Event: 22.318 Thread 0x00000157baaa8640 4883       1       java.io.WinNTFileSystem::compare (12 bytes)
Event: 22.318 Thread 0x00000157816b29f0 nmethod 4882 0x00000157b4869a90 code [0x00000157b4869c40, 0x00000157b4869d58]
Event: 22.318 Thread 0x00000157baaa8640 nmethod 4883 0x00000157b4869e90 code [0x00000157b486a040, 0x00000157b486a150]

GC Heap History (20 events):
Event: 1.775 GC heap after
{Heap after GC invocations=1 (full 0):
 garbage-first heap   total 57344K, used 10081K [0x00000000c8c00000, 0x0000000100000000)
  region size 1024K, 2 young (2048K), 2 survivors (2048K)
 Metaspace       used 1833K, committed 1920K, reserved 1114112K
  class space    used 202K, committed 256K, reserved 1048576K
}
Event: 2.697 GC heap before
{Heap before GC invocations=1 (full 0):
 garbage-first heap   total 57344K, used 18273K [0x00000000c8c00000, 0x0000000100000000)
  region size 1024K, 10 young (10240K), 2 survivors (2048K)
 Metaspace       used 5369K, committed 5504K, reserved 1114112K
  class space    used 638K, committed 704K, reserved 1048576K
}
Event: 2.706 GC heap after
{Heap after GC invocations=2 (full 0):
 garbage-first heap   total 57344K, used 11586K [0x00000000c8c00000, 0x0000000100000000)
  region size 1024K, 2 young (2048K), 2 survivors (2048K)
 Metaspace       used 5369K, committed 5504K, reserved 1114112K
  class space    used 638K, committed 704K, reserved 1048576K
}
Event: 3.850 GC heap before
{Heap before GC invocations=2 (full 0):
 garbage-first heap   total 57344K, used 30018K [0x00000000c8c00000, 0x0000000100000000)
  region size 1024K, 19 young (19456K), 2 survivors (2048K)
 Metaspace       used 8191K, committed 8512K, reserved 1114112K
  class space    used 1020K, committed 1152K, reserved 1048576K
}
Event: 3.862 GC heap after
{Heap after GC invocations=3 (full 0):
 garbage-first heap   total 57344K, used 14884K [0x00000000c8c00000, 0x0000000100000000)
  region size 1024K, 3 young (3072K), 3 survivors (3072K)
 Metaspace       used 8191K, committed 8512K, reserved 1114112K
  class space    used 1020K, committed 1152K, reserved 1048576K
}
Event: 5.214 GC heap before
{Heap before GC invocations=3 (full 0):
 garbage-first heap   total 57344K, used 37412K [0x00000000c8c00000, 0x0000000100000000)
  region size 1024K, 25 young (25600K), 3 survivors (3072K)
 Metaspace       used 12139K, committed 12544K, reserved 1114112K
  class space    used 1658K, committed 1856K, reserved 1048576K
}
Event: 5.228 GC heap after
{Heap after GC invocations=4 (full 0):
 garbage-first heap   total 57344K, used 15461K [0x00000000c8c00000, 0x0000000100000000)
  region size 1024K, 4 young (4096K), 4 survivors (4096K)
 Metaspace       used 12139K, committed 12544K, reserved 1114112K
  class space    used 1658K, committed 1856K, reserved 1048576K
}
Event: 6.363 GC heap before
{Heap before GC invocations=4 (full 0):
 garbage-first heap   total 57344K, used 41061K [0x00000000c8c00000, 0x0000000100000000)
  region size 1024K, 30 young (30720K), 4 survivors (4096K)
 Metaspace       used 16708K, committed 17088K, reserved 1114112K
  class space    used 2379K, committed 2560K, reserved 1048576K
}
Event: 6.373 GC heap after
{Heap after GC invocations=5 (full 0):
 garbage-first heap   total 57344K, used 17151K [0x00000000c8c00000, 0x0000000100000000)
  region size 1024K, 4 young (4096K), 4 survivors (4096K)
 Metaspace       used 16708K, committed 17088K, reserved 1114112K
  class space    used 2379K, committed 2560K, reserved 1048576K
}
Event: 7.492 GC heap before
{Heap before GC invocations=5 (full 0):
 garbage-first heap   total 57344K, used 34559K [0x00000000c8c00000, 0x0000000100000000)
  region size 1024K, 23 young (23552K), 4 survivors (4096K)
 Metaspace       used 21121K, committed 21504K, reserved 1114112K
  class space    used 2862K, committed 3008K, reserved 1048576K
}
Event: 7.500 GC heap after
{Heap after GC invocations=6 (full 0):
 garbage-first heap   total 57344K, used 18168K [0x00000000c8c00000, 0x0000000100000000)
  region size 1024K, 3 young (3072K), 3 survivors (3072K)
 Metaspace       used 21121K, committed 21504K, reserved 1114112K
  class space    used 2862K, committed 3008K, reserved 1048576K
}
Event: 12.788 GC heap before
{Heap before GC invocations=7 (full 0):
 garbage-first heap   total 57344K, used 43768K [0x00000000c8c00000, 0x0000000100000000)
  region size 1024K, 29 young (29696K), 3 survivors (3072K)
 Metaspace       used 23665K, committed 24128K, reserved 1114112K
  class space    used 3215K, committed 3456K, reserved 1048576K
}
Event: 12.797 GC heap after
{Heap after GC invocations=8 (full 0):
 garbage-first heap   total 69632K, used 21343K [0x00000000c8c00000, 0x0000000100000000)
  region size 1024K, 4 young (4096K), 4 survivors (4096K)
 Metaspace       used 23665K, committed 24128K, reserved 1114112K
  class space    used 3215K, committed 3456K, reserved 1048576K
}
Event: 15.211 GC heap before
{Heap before GC invocations=8 (full 0):
 garbage-first heap   total 69632K, used 56159K [0x00000000c8c00000, 0x0000000100000000)
  region size 1024K, 38 young (38912K), 4 survivors (4096K)
 Metaspace       used 27004K, committed 27456K, reserved 1114112K
  class space    used 3649K, committed 3904K, reserved 1048576K
}
Event: 15.226 GC heap after
{Heap after GC invocations=9 (full 0):
 garbage-first heap   total 69632K, used 23532K [0x00000000c8c00000, 0x0000000100000000)
  region size 1024K, 3 young (3072K), 3 survivors (3072K)
 Metaspace       used 27004K, committed 27456K, reserved 1114112K
  class space    used 3649K, committed 3904K, reserved 1048576K
}
Event: 19.990 GC heap before
{Heap before GC invocations=9 (full 0):
 garbage-first heap   total 69632K, used 55276K [0x00000000c8c00000, 0x0000000100000000)
  region size 1024K, 35 young (35840K), 3 survivors (3072K)
 Metaspace       used 30210K, committed 30720K, reserved 1114112K
  class space    used 4102K, committed 4352K, reserved 1048576K
}
Event: 19.999 GC heap after
{Heap after GC invocations=10 (full 0):
 garbage-first heap   total 69632K, used 25405K [0x00000000c8c00000, 0x0000000100000000)
  region size 1024K, 5 young (5120K), 5 survivors (5120K)
 Metaspace       used 30210K, committed 30720K, reserved 1114112K
  class space    used 4102K, committed 4352K, reserved 1048576K
}
Event: 21.821 GC heap before
{Heap before GC invocations=10 (full 0):
 garbage-first heap   total 69632K, used 57149K [0x00000000c8c00000, 0x0000000100000000)
  region size 1024K, 37 young (37888K), 5 survivors (5120K)
 Metaspace       used 34355K, committed 34944K, reserved 1114112K
  class space    used 4703K, committed 4992K, reserved 1048576K
}
Event: 21.833 GC heap after
{Heap after GC invocations=11 (full 0):
 garbage-first heap   total 69632K, used 28486K [0x00000000c8c00000, 0x0000000100000000)
  region size 1024K, 5 young (5120K), 5 survivors (5120K)
 Metaspace       used 34355K, committed 34944K, reserved 1114112K
  class space    used 4703K, committed 4992K, reserved 1048576K
}
Event: 22.363 GC heap before
{Heap before GC invocations=11 (full 0):
 garbage-first heap   total 69632K, used 61254K [0x00000000c8c00000, 0x0000000100000000)
  region size 1024K, 32 young (32768K), 5 survivors (5120K)
 Metaspace       used 35637K, committed 36160K, reserved 1114112K
  class space    used 4831K, committed 5056K, reserved 1048576K
}

Dll operation events (11 events):
Event: 0.048 Loaded shared library C:\Users\abhis\OneDrive\Documents\eclipse\plugins\org.eclipse.justj.openjdk.hotspot.jre.full.win32.x86_64_21.0.5.v20241023-1957\jre\bin\java.dll
Event: 0.169 Loaded shared library C:\Users\abhis\OneDrive\Documents\eclipse\plugins\org.eclipse.justj.openjdk.hotspot.jre.full.win32.x86_64_21.0.5.v20241023-1957\jre\bin\zip.dll
Event: 0.801 Loaded shared library C:\Users\abhis\OneDrive\Documents\eclipse\plugins\org.eclipse.justj.openjdk.hotspot.jre.full.win32.x86_64_21.0.5.v20241023-1957\jre\bin\jimage.dll
Event: 0.818 Loaded shared library C:\Users\abhis\OneDrive\Documents\eclipse\plugins\org.eclipse.justj.openjdk.hotspot.jre.full.win32.x86_64_21.0.5.v20241023-1957\jre\bin\net.dll
Event: 0.829 Loaded shared library C:\Users\abhis\OneDrive\Documents\eclipse\plugins\org.eclipse.justj.openjdk.hotspot.jre.full.win32.x86_64_21.0.5.v20241023-1957\jre\bin\nio.dll
Event: 0.835 Loaded shared library C:\Users\abhis\OneDrive\Documents\eclipse\plugins\org.eclipse.justj.openjdk.hotspot.jre.full.win32.x86_64_21.0.5.v20241023-1957\jre\bin\zip.dll
Event: 1.456 Loaded shared library C:\Users\abhis\OneDrive\Documents\eclipse\plugins\org.eclipse.justj.openjdk.hotspot.jre.full.win32.x86_64_21.0.5.v20241023-1957\jre\bin\management.dll
Event: 1.536 Loaded shared library C:\Users\abhis\OneDrive\Documents\eclipse\plugins\org.eclipse.justj.openjdk.hotspot.jre.full.win32.x86_64_21.0.5.v20241023-1957\jre\bin\management_ext.dll
Event: 2.529 Loaded shared library C:\Users\abhis\OneDrive\Documents\eclipse\plugins\org.eclipse.justj.openjdk.hotspot.jre.full.win32.x86_64_21.0.5.v20241023-1957\jre\bin\extnet.dll
Event: 2.752 Loaded shared library C:\Users\abhis\OneDrive\Documents\eclipse\plugins\org.eclipse.justj.openjdk.hotspot.jre.full.win32.x86_64_21.0.5.v20241023-1957\jre\bin\verify.dll
Event: 7.884 Loaded shared library C:\Users\abhis\OneDrive\Documents\eclipse\plugins\org.eclipse.justj.openjdk.hotspot.jre.full.win32.x86_64_21.0.5.v20241023-1957\jre\bin\sunmscapi.dll

Deoptimization events (0 events):
No events

Classes loaded (20 events):
Event: 21.991 Loading class javax/crypto/SecretKey
Event: 21.992 Loading class javax/crypto/SecretKey done
Event: 21.992 Loading class java/security/cert/CertPathValidatorException
Event: 21.992 Loading class java/security/cert/CertPathValidatorException done
Event: 21.993 Loading class java/security/cert/CertPathValidatorException$BasicReason
Event: 21.993 Loading class java/security/cert/CertPathValidatorException$Reason
Event: 21.993 Loading class java/security/cert/CertPathValidatorException$Reason done
Event: 21.993 Loading class java/security/cert/CertPathValidatorException$BasicReason done
Event: 21.993 Loading class java/security/SignatureException
Event: 21.993 Loading class java/security/SignatureException done
Event: 22.002 Loading class sun/security/provider/DSA$SHA256withDSA
Event: 22.002 Loading class sun/security/provider/DSA$SHA256withDSA done
Event: 22.032 Loading class java/util/Base64
Event: 22.033 Loading class java/util/Base64 done
Event: 22.033 Loading class java/util/Base64$Decoder
Event: 22.033 Loading class java/util/Base64$Decoder done
Event: 22.034 Loading class java/util/Base64$Encoder
Event: 22.034 Loading class java/util/Base64$Encoder done
Event: 22.037 Loading class java/util/jar/JarVerifier$VerifierStream
Event: 22.037 Loading class java/util/jar/JarVerifier$VerifierStream done

Classes unloaded (0 events):
No events

Classes redefined (0 events):
No events

Internal exceptions (20 events):
Event: 20.087 Thread 0x00000157804d8bf0 Exception <a 'java/lang/NoClassDefFoundError'{0x00000000ccdbcfa0}: org/quartz/Scheduler> (0x00000000ccdbcfa0) 
thrown [s\src\hotspot\share\classfile\systemDictionary.cpp, line 301]
Event: 20.088 Thread 0x00000157804d8bf0 Exception <a 'java/lang/NoClassDefFoundError'{0x00000000ccdc03c8}: org/springframework/session/jdbc/JdbcIndexedSessionRepository> (0x00000000ccdc03c8) 
thrown [s\src\hotspot\share\classfile\systemDictionary.cpp, line 301]
Event: 20.229 Thread 0x00000157804d8bf0 Exception <a 'java/lang/NoSuchMethodError'{0x00000000ccba00d8}: 'void java.lang.invoke.DirectMethodHandle$Holder.invokeSpecial(java.lang.Object, java.lang.Object, java.lang.Object, java.lang.Object, java.lang.Object, java.lang.Object)'> (0x00000000ccba00d8) 
thrown [s\src\hotspot\share\interpreter\linkResolver.cpp, line 773]
Event: 20.241 Thread 0x00000157804d8bf0 Exception <a 'java/lang/NoSuchMethodError'{0x00000000ccbe11d8}: 'void java.lang.invoke.DirectMethodHandle$Holder.invokeVirtual(java.lang.Object, java.lang.Object, int)'> (0x00000000ccbe11d8) 
thrown [s\src\hotspot\share\interpreter\linkResolver.cpp, line 773]
Event: 20.242 Thread 0x00000157804d8bf0 Exception <a 'java/lang/NoSuchMethodError'{0x00000000ccbe4f18}: 'int java.lang.invoke.DirectMethodHandle$Holder.invokeSpecial(java.lang.Object, java.lang.Object, java.lang.Object, int)'> (0x00000000ccbe4f18) 
thrown [s\src\hotspot\share\interpreter\linkResolver.cpp, line 773]
Event: 20.246 Thread 0x00000157804d8bf0 Exception <a 'java/lang/NoSuchMethodError'{0x00000000ccbfabb0}: 'java.lang.Object java.lang.invoke.DirectMethodHandle$Holder.invokeStatic(java.lang.Object, java.lang.Object, java.lang.Object, java.lang.Object, int)'> (0x00000000ccbfabb0) 
thrown [s\src\hotspot\share\interpreter\linkResolver.cpp, line 773]
Event: 20.248 Thread 0x00000157804d8bf0 Exception <a 'java/lang/NoSuchMethodError'{0x00000000cca035f8}: 'void java.lang.invoke.DelegatingMethodHandle$Holder.reinvoke_L(java.lang.Object, java.lang.Object, int)'> (0x00000000cca035f8) 
thrown [s\src\hotspot\share\interpreter\linkResolver.cpp, line 773]
Event: 20.370 Thread 0x00000157804d8bf0 Exception <a 'java/lang/IncompatibleClassChangeError'{0x00000000cc9b0f98}: Found class java.lang.Object, but interface was expected> (0x00000000cc9b0f98) 
thrown [s\src\hotspot\share\interpreter\linkResolver.cpp, line 840]
Event: 20.807 Thread 0x00000157804d8bf0 Exception <a 'java/lang/NoSuchMethodError'{0x00000000cc4ea158}: 'java.lang.Object java.lang.invoke.DirectMethodHandle$Holder.invokeVirtual(java.lang.Object, java.lang.Object, java.lang.Object, java.lang.Object, java.lang.Object)'> (0x00000000cc4ea158) 
thrown [s\src\hotspot\share\interpreter\linkResolver.cpp, line 773]
Event: 20.995 Thread 0x00000157804d8bf0 Exception <a 'java/lang/NoSuchMethodError'{0x00000000cc0a1ce0}: 'java.lang.Object java.lang.invoke.DirectMethodHandle$Holder.invokeVirtual(java.lang.Object, java.lang.Object, java.lang.Object, java.lang.Object, java.lang.Object, java.lang.Object)'> (0x00000000cc0a1ce0) 
thrown [s\src\hotspot\share\interpreter\linkResolver.cpp, line 773]
Event: 21.091 Thread 0x00000157804d8bf0 Exception <a 'java/lang/NoSuchMethodError'{0x00000000cbe66b78}: 'void java.lang.invoke.DirectMethodHandle$Holder.invokeInterface(java.lang.Object, java.lang.Object, int)'> (0x00000000cbe66b78) 
thrown [s\src\hotspot\share\interpreter\linkResolver.cpp, line 773]
Event: 21.104 Thread 0x00000157804d8bf0 Exception <a 'java/lang/IncompatibleClassChangeError'{0x00000000cbeaa1f8}: Found class java.lang.Object, but interface was expected> (0x00000000cbeaa1f8) 
thrown [s\src\hotspot\share\interpreter\linkResolver.cpp, line 840]
Event: 21.109 Thread 0x00000157804d8bf0 Exception <a 'java/lang/NoSuchMethodError'{0x00000000cbec91c0}: 'void java.lang.invoke.DirectMethodHandle$Holder.invokeStatic(java.lang.Object, int, java.lang.Object)'> (0x00000000cbec91c0) 
thrown [s\src\hotspot\share\interpreter\linkResolver.cpp, line 773]
Event: 21.194 Thread 0x00000157804d8bf0 Exception <a 'java/lang/NoSuchMethodError'{0x00000000cbd7ca60}: 'void java.lang.invoke.DirectMethodHandle$Holder.invokeStatic(java.lang.Object, java.lang.Object, java.lang.Object, int, java.lang.Object)'> (0x00000000cbd7ca60) 
thrown [s\src\hotspot\share\interpreter\linkResolver.cpp, line 773]
Event: 21.195 Thread 0x00000157804d8bf0 Exception <a 'java/lang/NoSuchMethodError'{0x00000000cbd83400}: 'java.lang.Object java.lang.invoke.DirectMethodHandle$Holder.newInvokeSpecial(java.lang.Object, java.lang.Object, java.lang.Object, int)'> (0x00000000cbd83400) 
thrown [s\src\hotspot\share\interpreter\linkResolver.cpp, line 773]
Event: 21.196 Thread 0x00000157804d8bf0 Exception <a 'java/lang/NoSuchMethodError'{0x00000000cbd87290}: 'java.lang.Object java.lang.invoke.DirectMethodHandle$Holder.invokeSpecial(java.lang.Object, java.lang.Object, java.lang.Object, java.lang.Object, int)'> (0x00000000cbd87290) 
thrown [s\src\hotspot\share\interpreter\linkResolver.cpp, line 773]
Event: 21.197 Thread 0x00000157804d8bf0 Exception <a 'java/lang/NoSuchMethodError'{0x00000000cbd8a738}: 'java.lang.Object java.lang.invoke.Invokers$Holder.linkToTargetMethod(java.lang.Object, java.lang.Object, int, java.lang.Object)'> (0x00000000cbd8a738) 
thrown [s\src\hotspot\share\interpreter\linkResolver.cpp, line 773]
Event: 21.854 Thread 0x00000157804d8bf0 Exception <a 'java/lang/NoSuchMethodError'{0x00000000ccea3cf0}: 'int java.lang.invoke.DirectMethodHandle$Holder.invokeStatic(java.lang.Object, int, java.lang.Object)'> (0x00000000ccea3cf0) 
thrown [s\src\hotspot\share\interpreter\linkResolver.cpp, line 773]
Event: 22.341 Thread 0x00000157804d8bf0 Exception <a 'java/lang/NoSuchMethodError'{0x00000000cb63a530}: 'int java.lang.invoke.DirectMethodHandle$Holder.invokeVirtual(java.lang.Object, java.lang.Object, java.lang.Object, java.lang.Object)'> (0x00000000cb63a530) 
thrown [s\src\hotspot\share\interpreter\linkResolver.cpp, line 773]
Event: 22.342 Thread 0x00000157804d8bf0 Exception <a 'java/lang/NoSuchMethodError'{0x00000000cb63de00}: 'int java.lang.invoke.DelegatingMethodHandle$Holder.reinvoke_L(java.lang.Object, java.lang.Object, java.lang.Object, java.lang.Object)'> (0x00000000cb63de00) 
thrown [s\src\hotspot\share\interpreter\linkResolver.cpp, line 773]

ZGC Phase Switch (0 events):
No events

VM Operations (20 events):
Event: 19.739 Executing VM operation: HandshakeAllThreads (Deoptimize) done
Event: 19.749 Executing VM operation: HandshakeAllThreads (Deoptimize)
Event: 19.749 Executing VM operation: HandshakeAllThreads (Deoptimize) done
Event: 19.990 Executing VM operation: G1CollectForAllocation (G1 Evacuation Pause)
Event: 20.000 Executing VM operation: G1CollectForAllocation (G1 Evacuation Pause) done
Event: 20.275 Executing VM operation: HandshakeAllThreads (Deoptimize)
Event: 20.275 Executing VM operation: HandshakeAllThreads (Deoptimize) done
Event: 20.325 Executing VM operation: HandshakeAllThreads (Deoptimize)
Event: 20.325 Executing VM operation: HandshakeAllThreads (Deoptimize) done
Event: 21.327 Executing VM operation: Cleanup
Event: 21.327 Executing VM operation: Cleanup done
Event: 21.694 Executing VM operation: HandshakeAllThreads (Deoptimize)
Event: 21.694 Executing VM operation: HandshakeAllThreads (Deoptimize) done
Event: 21.821 Executing VM operation: G1CollectForAllocation (G1 Evacuation Pause)
Event: 21.833 Executing VM operation: G1CollectForAllocation (G1 Evacuation Pause) done
Event: 21.862 Executing VM operation: HandshakeAllThreads (Deoptimize)
Event: 21.862 Executing VM operation: HandshakeAllThreads (Deoptimize) done
Event: 21.942 Executing VM operation: HandshakeAllThreads (Deoptimize)
Event: 21.943 Executing VM operation: HandshakeAllThreads (Deoptimize) done
Event: 22.363 Executing VM operation: CollectForMetadataAllocation (Metadata GC Threshold)

Memory protections (0 events):
No events

Nmethod flushes (0 events):
No events

Events (20 events):
Event: 0.176 Thread 0x00000157ae857550 Thread added: 0x00000157baa03b80
Event: 0.177 Thread 0x00000157ae857550 Thread added: 0x00000157baa1b3f0
Event: 0.177 Thread 0x00000157ae857550 Thread added: 0x00000157baa06a20
Event: 0.709 Thread 0x00000157ae857550 Thread added: 0x00000157baa18c90
Event: 0.740 Thread 0x00000157baa06a20 Thread added: 0x00000157baaa8640
Event: 0.786 Thread 0x00000157ae857550 Thread added: 0x00000157baa19320
Event: 2.535 Thread 0x00000157ae857550 Thread added: 0x00000157baa1c110
Event: 2.577 Thread 0x00000157ae857550 Thread added: 0x00000157baa1ad60
Event: 2.640 Thread 0x00000157ae857550 Thread added: 0x00000157baa1a6d0
Event: 2.651 Thread 0x00000157baa1ad60 Thread added: 0x00000157baa1ba80
Event: 2.696 Thread 0x00000157baa1ba80 Thread added: 0x00000157baa199b0
Event: 2.861 Thread 0x00000157baa1c110 Thread added: 0x00000157baa1a040
Event: 2.969 Thread 0x00000157baa1a040 Thread added: 0x00000157804d71b0
Event: 3.966 Thread 0x00000157ae857550 Thread added: 0x00000157804d6b20
Event: 3.978 Thread 0x00000157804d6b20 Thread added: 0x00000157804d8bf0
Event: 5.255 Thread 0x00000157804d8bf0 Thread added: 0x00000157804d9280
Event: 7.896 Thread 0x00000157804d9280 Thread exited: 0x00000157804d9280
Event: 12.342 Thread 0x00000157804d8bf0 Thread added: 0x00000157804d9280
Event: 12.568 Thread 0x00000157804d9280 Thread exited: 0x00000157804d9280
Event: 14.617 Thread 0x00000157baa06a20 Thread added: 0x00000157816b29f0


Dynamic libraries:
0x00007ff68e680000 - 0x00007ff68e68e000 	C:\Users\abhis\OneDrive\Documents\eclipse\plugins\org.eclipse.justj.openjdk.hotspot.jre.full.win32.x86_64_21.0.5.v20241023-1957\jre\bin\javaw.exe
0x00007ffbe4dc0000 - 0x00007ffbe5028000 	C:\WINDOWS\SYSTEM32\ntdll.dll
0x00007ffbe3390000 - 0x00007ffbe3459000 	C:\WINDOWS\System32\KERNEL32.DLL
0x00007ffbe2310000 - 0x00007ffbe2708000 	C:\WINDOWS\System32\KERNELBASE.dll
0x00007ffbe21c0000 - 0x00007ffbe230b000 	C:\WINDOWS\System32\ucrtbase.dll
0x00007ffbb6f30000 - 0x00007ffbb6f48000 	C:\Users\abhis\OneDrive\Documents\eclipse\plugins\org.eclipse.justj.openjdk.hotspot.jre.full.win32.x86_64_21.0.5.v20241023-1957\jre\bin\jli.dll
0x00007ffbe3f50000 - 0x00007ffbe4117000 	C:\WINDOWS\System32\USER32.dll
0x00007ffbe29c0000 - 0x00007ffbe29e7000 	C:\WINDOWS\System32\win32u.dll
0x00007ffbe3570000 - 0x00007ffbe359b000 	C:\WINDOWS\System32\GDI32.dll
0x00007ffbe1f10000 - 0x00007ffbe203c000 	C:\WINDOWS\System32\gdi32full.dll
0x00007ffbe2910000 - 0x00007ffbe29b3000 	C:\WINDOWS\System32\msvcp_win.dll
0x00007ffbc5ef0000 - 0x00007ffbc5f0e000 	C:\Users\abhis\OneDrive\Documents\eclipse\plugins\org.eclipse.justj.openjdk.hotspot.jre.full.win32.x86_64_21.0.5.v20241023-1957\jre\bin\VCRUNTIME140.dll
0x00007ffbd2450000 - 0x00007ffbd26e4000 	C:\WINDOWS\WinSxS\amd64_microsoft.windows.common-controls_6595b64144ccf1df_6.0.26100.7019_none_3e06ffa0e335b8a8\COMCTL32.dll
0x00007ffbe4a20000 - 0x00007ffbe4ac9000 	C:\WINDOWS\System32\msvcrt.dll
0x00007ffbe46b0000 - 0x00007ffbe46e1000 	C:\WINDOWS\System32\IMM32.DLL
0x00007ffbcae20000 - 0x00007ffbcae2c000 	C:\Users\abhis\OneDrive\Documents\eclipse\plugins\org.eclipse.justj.openjdk.hotspot.jre.full.win32.x86_64_21.0.5.v20241023-1957\jre\bin\vcruntime140_1.dll
0x00007ffbad8b0000 - 0x00007ffbad93d000 	C:\Users\abhis\OneDrive\Documents\eclipse\plugins\org.eclipse.justj.openjdk.hotspot.jre.full.win32.x86_64_21.0.5.v20241023-1957\jre\bin\msvcp140.dll
0x00007ffb37fa0000 - 0x00007ffb38d2f000 	C:\Users\abhis\OneDrive\Documents\eclipse\plugins\org.eclipse.justj.openjdk.hotspot.jre.full.win32.x86_64_21.0.5.v20241023-1957\jre\bin\server\jvm.dll
0x00007ffbe2b60000 - 0x00007ffbe2c14000 	C:\WINDOWS\System32\ADVAPI32.dll
0x00007ffbe4ad0000 - 0x00007ffbe4b76000 	C:\WINDOWS\System32\sechost.dll
0x00007ffbe3e30000 - 0x00007ffbe3f48000 	C:\WINDOWS\System32\RPCRT4.dll
0x00007ffbe46f0000 - 0x00007ffbe4764000 	C:\WINDOWS\System32\WS2_32.dll
0x00007ffbe1d70000 - 0x00007ffbe1dce000 	C:\WINDOWS\SYSTEM32\POWRPROF.dll
0x00007ffbdb970000 - 0x00007ffbdb9a5000 	C:\WINDOWS\SYSTEM32\WINMM.dll
0x00007ffbdb9b0000 - 0x00007ffbdb9bb000 	C:\WINDOWS\SYSTEM32\VERSION.dll
0x00007ffbe1d50000 - 0x00007ffbe1d64000 	C:\WINDOWS\SYSTEM32\UMPDC.dll
0x00007ffbe0cd0000 - 0x00007ffbe0ceb000 	C:\WINDOWS\SYSTEM32\kernel.appcore.dll
0x00007ffbdc8d0000 - 0x00007ffbdc8da000 	C:\Users\abhis\OneDrive\Documents\eclipse\plugins\org.eclipse.justj.openjdk.hotspot.jre.full.win32.x86_64_21.0.5.v20241023-1957\jre\bin\jimage.dll
0x00007ffbdf690000 - 0x00007ffbdf8d2000 	C:\WINDOWS\SYSTEM32\DBGHELP.DLL
0x00007ffbe4120000 - 0x00007ffbe44ab000 	C:\WINDOWS\System32\combase.dll
0x00007ffbe44b0000 - 0x00007ffbe4587000 	C:\WINDOWS\System32\OLEAUT32.dll
0x00007ffbcbb40000 - 0x00007ffbcbb7c000 	C:\WINDOWS\SYSTEM32\dbgcore.DLL
0x00007ffbe2ab0000 - 0x00007ffbe2b55000 	C:\WINDOWS\System32\bcryptPrimitives.dll
0x00007ffbb56e0000 - 0x00007ffbb56ff000 	C:\Users\abhis\OneDrive\Documents\eclipse\plugins\org.eclipse.justj.openjdk.hotspot.jre.full.win32.x86_64_21.0.5.v20241023-1957\jre\bin\java.dll
0x00007ffbe36a0000 - 0x00007ffbe3def000 	C:\WINDOWS\System32\SHELL32.dll
0x00007ffbe2710000 - 0x00007ffbe287b000 	C:\WINDOWS\System32\wintypes.dll
0x00007ffbdfb20000 - 0x00007ffbe037d000 	C:\WINDOWS\SYSTEM32\windows.storage.dll
0x00007ffbe4780000 - 0x00007ffbe4872000 	C:\WINDOWS\System32\SHCORE.dll
0x00007ffbe3320000 - 0x00007ffbe3387000 	C:\WINDOWS\System32\shlwapi.dll
0x00007ffbe1e30000 - 0x00007ffbe1e59000 	C:\WINDOWS\SYSTEM32\profapi.dll
0x00007ffbadd80000 - 0x00007ffbadd98000 	C:\Users\abhis\OneDrive\Documents\eclipse\plugins\org.eclipse.justj.openjdk.hotspot.jre.full.win32.x86_64_21.0.5.v20241023-1957\jre\bin\zip.dll
0x00007ffbd8620000 - 0x00007ffbd8630000 	C:\Users\abhis\OneDrive\Documents\eclipse\plugins\org.eclipse.justj.openjdk.hotspot.jre.full.win32.x86_64_21.0.5.v20241023-1957\jre\bin\net.dll
0x00007ffbd6280000 - 0x00007ffbd63a8000 	C:\WINDOWS\SYSTEM32\WINHTTP.dll
0x00007ffbe1240000 - 0x00007ffbe12ab000 	C:\WINDOWS\system32\mswsock.dll
0x00007ffbad870000 - 0x00007ffbad886000 	C:\Users\abhis\OneDrive\Documents\eclipse\plugins\org.eclipse.justj.openjdk.hotspot.jre.full.win32.x86_64_21.0.5.v20241023-1957\jre\bin\nio.dll
0x00007ffbca1b0000 - 0x00007ffbca1ba000 	C:\Users\abhis\OneDrive\Documents\eclipse\plugins\org.eclipse.justj.openjdk.hotspot.jre.full.win32.x86_64_21.0.5.v20241023-1957\jre\bin\management.dll
0x00007ffbc6050000 - 0x00007ffbc605b000 	C:\Users\abhis\OneDrive\Documents\eclipse\plugins\org.eclipse.justj.openjdk.hotspot.jre.full.win32.x86_64_21.0.5.v20241023-1957\jre\bin\management_ext.dll
0x00007ffbe4b80000 - 0x00007ffbe4b88000 	C:\WINDOWS\System32\PSAPI.DLL
0x00007ffbc75a0000 - 0x00007ffbc75b8000 	C:\WINDOWS\system32\napinsp.dll
0x00007ffbe0830000 - 0x00007ffbe095c000 	C:\WINDOWS\SYSTEM32\DNSAPI.dll
0x00007ffbe07f0000 - 0x00007ffbe0824000 	C:\WINDOWS\SYSTEM32\IPHLPAPI.DLL
0x00007ffbe4b90000 - 0x00007ffbe4b9a000 	C:\WINDOWS\System32\NSI.dll
0x00007ffbc7580000 - 0x00007ffbc7592000 	C:\WINDOWS\System32\winrnr.dll
0x00007ffbc7550000 - 0x00007ffbc7572000 	C:\WINDOWS\system32\nlansp_c.dll
0x00007ffbc7530000 - 0x00007ffbc7546000 	C:\WINDOWS\system32\wshbth.dll
0x00007ffbce970000 - 0x00007ffbce97b000 	C:\Windows\System32\rasadhlp.dll
0x00007ffbd5f50000 - 0x00007ffbd5fd6000 	C:\WINDOWS\System32\fwpuclnt.dll
0x00007ffbe1500000 - 0x00007ffbe151b000 	C:\WINDOWS\SYSTEM32\CRYPTSP.dll
0x00007ffbe0c30000 - 0x00007ffbe0c6a000 	C:\WINDOWS\system32\rsaenh.dll
0x00007ffbe12f0000 - 0x00007ffbe131b000 	C:\WINDOWS\SYSTEM32\USERENV.dll
0x00007ffbe1e00000 - 0x00007ffbe1e2a000 	C:\WINDOWS\SYSTEM32\bcrypt.dll
0x00007ffbe1520000 - 0x00007ffbe152c000 	C:\WINDOWS\SYSTEM32\CRYPTBASE.dll
0x00007ffbca640000 - 0x00007ffbca649000 	C:\Users\abhis\OneDrive\Documents\eclipse\plugins\org.eclipse.justj.openjdk.hotspot.jre.full.win32.x86_64_21.0.5.v20241023-1957\jre\bin\extnet.dll
0x00007ffbd71c0000 - 0x00007ffbd71d0000 	C:\Users\abhis\OneDrive\Documents\eclipse\plugins\org.eclipse.justj.openjdk.hotspot.jre.full.win32.x86_64_21.0.5.v20241023-1957\jre\bin\verify.dll
0x00007ffbd6e80000 - 0x00007ffbd6e8e000 	C:\Users\abhis\OneDrive\Documents\eclipse\plugins\org.eclipse.justj.openjdk.hotspot.jre.full.win32.x86_64_21.0.5.v20241023-1957\jre\bin\sunmscapi.dll
0x00007ffbe2040000 - 0x00007ffbe21b7000 	C:\WINDOWS\System32\CRYPT32.dll
0x00007ffbe1720000 - 0x00007ffbe1750000 	C:\WINDOWS\SYSTEM32\ncrypt.dll
0x00007ffbe16d0000 - 0x00007ffbe170f000 	C:\WINDOWS\SYSTEM32\NTASN1.dll

dbghelp: loaded successfully - version: 4.0.5 - missing functions: none
symbol engine: initialized successfully - sym options: 0x614 - pdb path: .;C:\Users\abhis\OneDrive\Documents\eclipse\plugins\org.eclipse.justj.openjdk.hotspot.jre.full.win32.x86_64_21.0.5.v20241023-1957\jre\bin;C:\WINDOWS\SYSTEM32;C:\WINDOWS\WinSxS\amd64_microsoft.windows.common-controls_6595b64144ccf1df_6.0.26100.7019_none_3e06ffa0e335b8a8;C:\Users\abhis\OneDrive\Documents\eclipse\plugins\org.eclipse.justj.openjdk.hotspot.jre.full.win32.x86_64_21.0.5.v20241023-1957\jre\bin\server

VM Arguments:
jvm_args: -Dcom.sun.management.jmxremote -Dcom.sun.management.jmxremote.port=61047 -Dcom.sun.management.jmxremote.authenticate=false -Dcom.sun.management.jmxremote.ssl=false -Djava.rmi.server.hostname=localhost -Dspring.jmx.enabled=true -Dmanagement.endpoints.jmx.exposure.include=* -Dspring.application.admin.enabled=true -XX:TieredStopAtLevel=1 -Dspring.boot.project.name=aim -Dfile.encoding=UTF-8 -Dstdout.encoding=UTF-8 -Dstderr.encoding=UTF-8 -XX:+ShowCodeDetailsInExceptionMessages 
java_command: com.one.AimApplication --spring.output.ansi.enabled=always
java_class_path (initial): C:\Users\abhis\OneDrive\Documents\WebArcligthIntern\Task-Webarckight\target\classes;C:\Users\abhis\.m2\repository\org\springframework\boot\spring-boot-starter-data-jpa\3.4.4\spring-boot-starter-data-jpa-3.4.4.jar;C:\Users\abhis\.m2\repository\org\springframework\boot\spring-boot-starter\3.4.4\spring-boot-starter-3.4.4.jar;C:\Users\abhis\.m2\repository\org\springframework\boot\spring-boot-starter-logging\3.4.4\spring-boot-starter-logging-3.4.4.jar;C:\Users\abhis\.m2\repository\ch\qos\logback\logback-classic\1.5.18\logback-classic-1.5.18.jar;C:\Users\abhis\.m2\repository\ch\qos\logback\logback-core\1.5.18\logback-core-1.5.18.jar;C:\Users\abhis\.m2\repository\org\apache\logging\log4j\log4j-to-slf4j\2.24.3\log4j-to-slf4j-2.24.3.jar;C:\Users\abhis\.m2\repository\org\slf4j\jul-to-slf4j\2.0.17\jul-to-slf4j-2.0.17.jar;C:\Users\abhis\.m2\repository\jakarta\annotation\jakarta.annotation-api\2.1.1\jakarta.annotation-api-2.1.1.jar;C:\Users\abhis\.m2\repository\org\yaml\snakeyaml\2.3\snakeyaml-2.3.jar;C:\Users\abhis\.m2\repository\org\springframework\boot\spring-boot-starter-jdbc\3.4.4\spring-boot-starter-jdbc-3.4.4.jar;C:\Users\abhis\.m2\repository\com\zaxxer\HikariCP\5.1.0\HikariCP-5.1.0.jar;C:\Users\abhis\.m2\repository\org\springframework\spring-jdbc\6.2.5\spring-jdbc-6.2.5.jar;C:\Users\abhis\.m2\repository\org\hibernate\orm\hibernate-core\6.6.11.Final\hibernate-core-6.6.11.Final.jar;C:\Users\abhis\.m2\repository\jakarta\persistence\jakarta.persistence-api\3.1.0\jakarta.persistence-api-3.1.0.jar;C:\Users\abhis\.m2\repository\jakarta\transaction\jakarta.transaction-api\2.0.1\jakarta.transaction-api-2.0.1.jar;C:\Users\abhis\.m2\repository\org\jboss\logging\jboss-logging\3.6.1.Final\jboss-logging-3.6.1.Final.jar;C:\Users\abhis\.m2\repository\org\hibernate\common\hibernate-commons-annotations\7.0.3.Final\hibernate-commons-annotations-7.0.3.Final.jar;C:\Users\abhis\.m2\repository\io\smallrye\jandex\3.2.0\jandex-3.2.0.jar;C:\Users\abhis\.m2\repository\com\fasterxml\classmate\1.7.0\classmate-1.7.0.jar;C:\Users\abhis\.m2\repository\net\bytebuddy\byte-buddy\1.15.11\byte-buddy-1.15.11.jar;C:\Users\abhis\.m2\repository\org\glassfish\jaxb\jaxb-runtime\4.0.5\jaxb-runtime-4.0.5.jar;C:\Users\abhis\.m2\repository\org\glassfish\jaxb\jaxb-core\4.0.5\jaxb-core-4.0.5.jar;C:\Users\abhis\.m2\repository\org\glassfish\jaxb\txw2\4.0.5\txw2-4.0.5.jar;C:\Users\abhis\.m2\repository\com\sun\istack\istack-commons-runtime\4.1.2\istack-commons-runtime-4.1.2.jar;C:\Users\abhis\.m2\repository\jakarta\inject\jakarta.inject-api\2.0.1\jakarta.inject-api-2.0.1.jar;C:\Users\abhis\.m2\repository\org\antlr\antlr4-runtime\4.13.0\antlr4-runtime-4.13.0.jar;C:\Users\abhis\.m2\repository\org\springframework\data\spring-data-jpa\3.4.4\spring-data-jpa-3.4.4.jar;C:\Users\abhis\.m2\repository\org\springframework\data\spring-data-commons\3.4.4\spring-data-commons-3.4.4.jar;C:\Users\abhis\.m2\repository\org\springframework\spring-orm\6.2.5\spring-orm-6.2.5.jar;C:\Users\abhis\.m2\repository\org\springframework\spring-context\6.2.5\spring-context-6.2.5.jar;C:\Users\abhis\.m2\repository\org\springframework\spring-tx\6.2.5\spring-tx-6.2.5.jar;C:\Users\abhis\.m2\repository\org\springframework\spring-beans\6.2.5\spring-beans-6.2.5.jar;C:\Users\abhis\.m2\repository\org\springframework\spring-aspects\6.2.5\spring-aspects-6.2.5.jar;C:\Users\abhis\.m2\repository\org\aspectj\aspectjweaver\1.9.23\aspectjweaver-1.9.23.jar;C:\Users\abhis\.m2\repository\org\springframework\boot\spring-boot-starter-web\3.4.4\spring-boot-starter-web-3.4.4.jar;C:\Users\abhis\.m2\repository\org\springframework\boot\spring-boot-starter-json\3.4.4\spring-boot-starter-json-3.4.4.jar;C:\Users\abhis\.m2\repository\com\fasterxml\jackson\core\jackson-databind\2.18.3\jackson-databind-2.18.3.jar;C:\Users\abhis\.m2\repository\com\fasterxml\jackson\core\jackson-annotations\2.18.3\jackson-annotations-2.18.3.jar;C:\Users\abhis\.m2\repository\com\fasterxml\jackson\core\jackson-core\2.18.3\jackson-core-2.18.3.jar;C:\Users\abhis\.m2\repository\com\fasterxml\jackson\datatype\jackson-datatype-jdk8\2.18.3\jackson-datatype-jdk8-2.18.3.jar;C:\Users\abhis\.m2\repository\com\fasterxml\jackson\datatype\jackson-datatype-jsr310\2.18.3\jackson-datatype-jsr310-2.18.3.jar;C:\Users\abhis\.m2\repository\com\fasterxml\jackson\module\jackson-module-parameter-names\2.18.3\jackson-module-parameter-names-2.18.3.jar;C:\Users\abhis\.m2\repository\org\springframework\boot\spring-boot-starter-tomcat\3.4.4\spring-boot-starter-tomcat-3.4.4.jar;C:\Users\abhis\.m2\repository\org\apache\tomcat\embed\tomcat-embed-core\10.1.39\tomcat-embed-core-10.1.39.jar;C:\Users\abhis\.m2\repository\org\apache\tomcat\embed\tomcat-embed-websocket\10.1.39\tomcat-embed-websocket-10.1.39.jar;C:\Users\abhis\.m2\repository\org\springframework\spring-web\6.2.5\spring-web-6.2.5.jar;C:\Users\abhis\.m2\repository\io\micrometer\micrometer-observation\1.14.5\micrometer-observation-1.14.5.jar;C:\Users\abhis\.m2\repository\io\micrometer\micrometer-commons\1.14.5\micrometer-commons-1.14.5.jar;C:\Users\abhis\.m2\repository\org\springframework\spring-webmvc\6.2.5\spring-webmvc-6.2.5.jar;C:\Users\abhis\.m2\repository\org\springframework\spring-expression\6.2.5\spring-expression-6.2.5.jar;C:\Users\abhis\.m2\repository\org\springframework\boot\spring-boot-starter-websocket\3.4.4\spring-boot-starter-websocket-3.4.4.jar;C:\Users\abhis\.m2\repository\org\springframework\spring-messaging\6.2.5\spring-messaging-6.2.5.jar;C:\Users\abhis\.m2\repository\org\springframework\spring-websocket\6.2.5\spring-websocket-6.2.5.jar;C:\Users\abhis\.m2\repository\org\springframework\boot\spring-boot-devtools\3.4.4\spring-boot-devtools-3.4.4.jar;C:\Users\abhis\.m2\repository\org\springframework\boot\spring-boot\3.4.4\spring-boot-3.4.4.jar;C:\Users\abhis\.m2\repository\org\springframework\boot\spring-boot-autoconfigure\3.4.4\spring-boot-autoconfigure-3.4.4.jar;C:\Users\abhis\.m2\repository\com\mysql\mysql-connector-j\9.1.0\mysql-connector-j-9.1.0.jar;C:\Users\abhis\.m2\repository\org\projectlombok\lombok\1.18.36\lombok-1.18.36.jar;C:\Users\abhis\.m2\repository\org\apache\poi\poi-ooxml\5.2.5\poi-ooxml-5.2.5.jar;C:\Users\abhis\.m2\repository\org\apache\poi\poi\5.2.5\poi-5.2.5.jar;C:\Users\abhis\.m2\repository\org\apache\commons\commons-math3\3.6.1\commons-math3-3.6.1.jar;C:\Users\abhis\.m2\repository\com\zaxxer\SparseBitSet\1.3\SparseBitSet-1.3.jar;C:\Users\abhis\.m2\repository\org\apache\poi\poi-ooxml-lite\5.2.5\poi-ooxml-lite-5.2.5.jar;C:\Users\abhis\.m2\repository\org\apache\xmlbeans\xmlbeans\5.2.0\xmlbeans-5.2.0.jar;C:\Users\abhis\.m2\repository\org\apache\commons\commons-compress\1.25.0\commons-compress-1.25.0.jar;C:\Users\abhis\.m2\repository\commons-io\commons-io\2.15.0\commons-io-2.15.0.jar;C:\Users\abhis\.m2\repository\com\github\virtuald\curvesapi\1.08\curvesapi-1.08.jar;C:\Users\abhis\.m2\repository\org\apache\logging\log4j\log4j-api\2.24.3\log4j-api-2.24.3.jar;C:\Users\abhis\.m2\repository\org\apache\commons\commons-collections4\4.4\commons-collections4-4.4.jar;C:\Users\abhis\.m2\repository\commons-fileupload\commons-fileupload\1.3.3\commons-fileupload-1.3.3.jar;C:\Users\abhis\.m2\repository\com\itextpdf\html2pdf\4.0.5\html2pdf-4.0.5.jar;C:\Users\abhis\.m2\repository\com\itextpdf\forms\7.2.5\forms-7.2.5.jar;C:\Users\abhis\.m2\repository\com\itextpdf\kernel\7.2.5\kernel-7.2.5.jar;C:\Users\abhis\.m2\repository\com\itextpdf\io\7.2.5\io-7.2.5.jar;C:\Users\abhis\.m2\repository\com\itextpdf\commons\7.2.5\commons-7.2.5.jar;C:\Users\abhis\.m2\repository\org\bouncycastle\bcpkix-jdk15on\1.70\bcpkix-jdk15on-1.70.jar;C:\Users\abhis\.m2\repository\org\bouncycastle\bcutil-jdk15on\1.70\bcutil-jdk15on-1.70.jar;C:\Users\abhis\.m2\repository\org\bouncycastle\bcprov-jdk15on\1.70\bcprov-jdk15on-1.70.jar;C:\Users\abhis\.m2\repository\com\itextpdf\layout\7.2.5\layout-7.2.5.jar;C:\Users\abhis\.m2\repository\com\itextpdf\svg\7.2.5\svg-7.2.5.jar;C:\Users\abhis\.m2\repository\com\itextpdf\styled-xml-parser\7.2.5\styled-xml-parser-7.2.5.jar;C:\Users\abhis\.m2\repository\org\slf4j\slf4j-api\2.0.17\slf4j-api-2.0.17.jar;C:\Users\abhis\.m2\repository\com\openhtmltopdf\openhtmltopdf-pdfbox\1.0.10\openhtmltopdf-pdfbox-1.0.10.jar;C:\Users\abhis\.m2\repository\org\apache\pdfbox\pdfbox\2.0.24\pdfbox-2.0.24.jar;C:\Users\abhis\.m2\repository\org\apache\pdfbox\fontbox\2.0.24\fontbox-2.0.24.jar;C:\Users\abhis\.m2\repository\commons-logging\commons-logging\1.2\commons-logging-1.2.jar;C:\Users\abhis\.m2\repository\org\apache\pdfbox\xmpbox\2.0.24\xmpbox-2.0.24.jar;C:\Users\abhis\.m2\repository\com\openhtmltopdf\openhtmltopdf-core\1.0.10\openhtmltopdf-core-1.0.10.jar;C:\Users\abhis\.m2\repository\de\rototor\pdfbox\graphics2d\0.32\graphics2d-0.32.jar;C:\Users\abhis\.m2\repository\org\springdoc\springdoc-openapi-starter-webmvc-ui\2.0.2\springdoc-openapi-starter-webmvc-ui-2.0.2.jar;C:\Users\abhis\.m2\repository\org\springdoc\springdoc-openapi-starter-webmvc-api\2.0.2\springdoc-openapi-starter-webmvc-api-2.0.2.jar;C:\Users\abhis\.m2\repository\org\springdoc\springdoc-openapi-starter-common\2.0.2\springdoc-openapi-starter-common-2.0.2.jar;C:\Users\abhis\.m2\repository\io\swagger\core\v3\swagger-core-jakarta\2.2.7\swagger-core-jakarta-2.2.7.jar;C:\Users\abhis\.m2\repository\io\swagger\core\v3\swagger-annotations-jakarta\2.2.7\swagger-annotations-jakarta-2.2.7.jar;C:\Users\abhis\.m2\repository\io\swagger\core\v3\swagger-models-jakarta\2.2.7\swagger-models-jakarta-2.2.7.jar;C:\Users\abhis\.m2\repository\com\fasterxml\jackson\dataformat\jackson-dataformat-yaml\2.18.3\jackson-dataformat-yaml-2.18.3.jar;C:\Users\abhis\.m2\repository\org\webjars\swagger-ui\4.15.5\swagger-ui-4.15.5.jar;C:\Users\abhis\.m2\repository\org\webjars\webjars-locator-core\0.59\webjars-locator-core-0.59.jar;C:\Users\abhis\.m2\repository\io\github\classgraph\classgraph\4.8.149\classgraph-4.8.149.jar;C:\Users\abhis\.m2\repository\org\springframework\boot\spring-boot-starter-security\3.4.4\spring-boot-starter-security-3.4.4.jar;C:\Users\abhis\.m2\repository\org\springframework\spring-aop\6.2.5\spring-aop-6.2.5.jar;C:\Users\abhis\.m2\repository\org\springframework\security\spring-security-config\6.4.4\spring-security-config-6.4.4.jar;C:\Users\abhis\.m2\repository\org\springframework\security\spring-security-core\6.4.4\spring-security-core-6.4.4.jar;C:\Users\abhis\.m2\repository\org\springframework\security\spring-security-crypto\6.4.4\spring-security-crypto-6.4.4.jar;C:\Users\abhis\.m2\repository\org\springframework\security\spring-security-web\6.4.4\spring-security-web-6.4.4.jar;C:\Users\abhis\.m2\repository\com\razorpay\razorpay-java\1.4.7\razorpay-java-1.4.7.jar;C:\Users\abhis\.m2\repository\org\json\json\20231013\json-20231013.jar;C:\Users\abhis\.m2\repository\com\squareup\okhttp3\okhttp\3.10.0\okhttp-3.10.0.jar;C:\Users\abhis\.m2\repository\com\squareup\okio\okio\1.14.0\okio-1.14.0.jar;C:\Users\abhis\.m2\repository\com\squareup\okhttp3\logging-interceptor\3.10.0\logging-interceptor-3.10.0.jar;C:\Users\abhis\.m2\repository\commons-codec\commons-codec\1.17.2\commons-codec-1.17.2.jar;C:\Users\abhis\.m2\repository\org\apache\commons\commons-text\1.3\commons-text-1.3.jar;C:\Users\abhis\.m2\repository\org\apache\commons\commons-lang3\3.17.0\commons-lang3-3.17.0.jar;C:\Users\abhis\.m2\repository\io\jsonwebtoken\jjwt\0.12.5\jjwt-0.12.5.jar;C:\Users\abhis\.m2\repository\io\jsonwebtoken\jjwt-api\0.12.5\jjwt-api-0.12.5.jar;C:\Users\abhis\.m2\repository\io\jsonwebtoken\jjwt-impl\0.12.5\jjwt-impl-0.12.5.jar;C:\Users\abhis\.m2\repository\io\jsonwebtoken\jjwt-jackson\0.12.5\jjwt-jackson-0.12.5.jar;C:\Users\abhis\.m2\repository\jakarta\xml\bind\jakarta.xml.bind-api\4.0.2\jakarta.xml.bind-api-4.0.2.jar;C:\Users\abhis\.m2\repository\jakarta\activation\jakarta.activation-api\2.1.3\jakarta.activation-api-2.1.3.jar;C:\Users\abhis\.m2\repository\org\springframework\spring-core\6.2.5\spring-core-6.2.5.jar;C:\Users\abhis\.m2\repository\org\springframework\spring-jcl\6.2.5\spring-jcl-6.2.5.jar;C:\Users\abhis\.m2\repository\org\springframework\boot\spring-boot-starter-validation\3.4.4\spring-boot-starter-validation-3.4.4.jar;C:\Users\abhis\.m2\repository\org\apache\tomcat\embed\tomcat-embed-el\10.1.39\tomcat-embed-el-10.1.39.jar;C:\Users\abhis\.m2\repository\org\hibernate\validator\hibernate-validator\8.0.2.Final\hibernate-validator-8.0.2.Final.jar;C:\Users\abhis\.m2\repository\jakarta\validation\jakarta.validation-api\3.0.2\jakarta.validation-api-3.0.2.jar;C:\Users\abhis\.m2\repository\org\springframework\boot\spring-boot-starter-mail\3.4.4\spring-boot-starter-mail-3.4.4.jar;C:\Users\abhis\.m2\repository\org\springframework\spring-context-support\6.2.5\spring-context-support-6.2.5.jar;C:\Users\abhis\.m2\repository\org\eclipse\angus\jakarta.mail\2.0.3\jakarta.mail-2.0.3.jar;C:\Users\abhis\.m2\repository\org\eclipse\angus\angus-activation\2.0.2\angus-activation-2.0.2.jar;C:\Users\abhis\.m2\repository\com\openhtmltopdf\openhtmltopdf-slf4j\1.0.10\openhtmltopdf-slf4j-1.0.10.jar
Launcher Type: SUN_STANDARD

[Global flags]
     intx CICompilerCount                          = 3                                         {product} {ergonomic}
     uint ConcGCThreads                            = 1                                         {product} {ergonomic}
     uint G1ConcRefinementThreads                  = 4                                         {product} {ergonomic}
   size_t G1HeapRegionSize                         = 1048576                                   {product} {ergonomic}
    uintx GCDrainStackTargetSize                   = 64                                        {product} {ergonomic}
   size_t InitialHeapSize                          = 58720256                                  {product} {ergonomic}
     bool ManagementServer                         = true                                      {product} {command line}
   size_t MarkStackSize                            = 4194304                                   {product} {ergonomic}
   size_t MaxHeapSize                              = 926941184                                 {product} {ergonomic}
   size_t MaxNewSize                               = 555745280                                 {product} {ergonomic}
   size_t MinHeapDeltaBytes                        = 1048576                                   {product} {ergonomic}
   size_t MinHeapSize                              = 8388608                                   {product} {ergonomic}
    uintx NonNMethodCodeHeapSize                   = 4096                                   {pd product} {ergonomic}
    uintx NonProfiledCodeHeapSize                  = 0                                      {pd product} {ergonomic}
     bool ProfileInterpreter                       = false                                  {pd product} {command line}
    uintx ProfiledCodeHeapSize                     = 0                                      {pd product} {ergonomic}
     bool ShowCodeDetailsInExceptionMessages       = true                                   {manageable} {command line}
   size_t SoftMaxHeapSize                          = 926941184                              {manageable} {ergonomic}
     intx TieredStopAtLevel                        = 1                                         {product} {command line}
     bool UseCompressedOops                        = true                           {product lp64_product} {ergonomic}
     bool UseG1GC                                  = true                                      {product} {ergonomic}
     bool UseLargePagesIndividualAllocation        = false                                  {pd product} {ergonomic}

Logging:
Log output configuration:
 #0: stdout all=warning uptime,level,tags foldmultilines=false
 #1: stderr all=off uptime,level,tags foldmultilines=false

Environment Variables:
PATH=C:/Users/abhis/OneDrive/Documents/eclipse//plugins/org.eclipse.justj.openjdk.hotspot.jre.full.win32.x86_64_21.0.5.v20241023-1957/jre/bin/server;C:/Users/abhis/OneDrive/Documents/eclipse//plugins/org.eclipse.justj.openjdk.hotspot.jre.full.win32.x86_64_21.0.5.v20241023-1957/jre/bin;C:\Program Files\Python312\Scripts\;C:\Program Files\Python312\;C:\Program Files\nodejs;C:\Program Files\Common Files\Oracle\Java\javapath;C:\Program Files\Python310\Scripts\;C:\Program Files\Python310\;C:\New folder\Scripts\;C:\New folder\;C:\WINDOWS\system32;C:\WINDOWS;C:\WINDOWS\System32\Wbem;C:\WINDOWS\System32\WindowsPowerShell\v1.0\;C:\WINDOWS\System32\OpenSSH\;C:\ProgramData\chocolatey\bin;C:\Program Files\Git\cmd;C:\Program Files\MySQL\MySQL Server 8.0\bin;C:\Program Files\Java\jdk-18.0.2.1\bin;C:\Program Files\Java\jdk-20\bin;C:\Program Files\nodejs\;C:\Program Files\MongoDB\Server\8.0\bin;C:\Program Files\MySQL\MySQL Shell 8.0\bin\;C:\Users\abhis\AppData\Local\Microsoft\WindowsApps;C:\Users\abhis\AppData\Local\Programs\Microsoft VS Code\bin;C:\MinGW\bin;C:\Program Files\JetBrains\IntelliJ IDEA Community Edition 2023.2\bin;;C:\Users\abhis\AppData\Local\GitHubDesktop\bin;C:\Users\abhis\AppData\Roaming\npm;C:\Users\abhis\AppData\Local\Microsoft\WinGet\Packages\Schniz.fnm_Microsoft.Winget.Source_8wekyb3d8bbwe;C:\Program Files\mongosh\;C:\Users\abhis\OneDrive\Documents\eclipse;
USERNAME=abhis
OS=Windows_NT
PROCESSOR_IDENTIFIER=AMD64 Family 23 Model 24 Stepping 1, AuthenticAMD
TMP=C:\Users\abhis\AppData\Local\Temp
TEMP=C:\Users\abhis\AppData\Local\Temp




Periodic native trim disabled

---------------  S Y S T E M  ---------------

OS:
 Windows 11 , 64 bit Build 26100 (10.0.26100.7019)
OS uptime: 1 days 19:17 hours
Hyper-V role detected

CPU: total 4 (initial active 4) (4 cores per cpu, 2 threads per core) family 23 model 24 stepping 1 microcode 0x8108109, cx8, cmov, fxsr, ht, mmx, 3dnowpref, sse, sse2, sse3, ssse3, sse4a, sse4.1, sse4.2, popcnt, lzcnt, tsc, tscinvbit, avx, avx2, aes, clmul, bmi1, bmi2, adx, sha, fma, vzeroupper, clflush, clflushopt, hv, rdtscp, f16c
Processor Information for all 4 processors :
  Max Mhz: 2600, Current Mhz: 2600, Mhz Limit: 2600

Memory: 4k page, system-wide physical 3534M (384M free)
TotalPageFile size 14286M (AvailPageFile size 1M)
current process WorkingSet (physical memory assigned to process): 156M, peak: 158M
current process commit charge ("private bytes"): 207M, peak: 208M

vm_info: OpenJDK 64-Bit Server VM (21.0.5+11-LTS) for windows-amd64 JRE (21.0.5+11-LTS), built on 2024-10-15T00:00:00Z by "admin" with MS VC++ 17.7 (VS2022)

END.
